<?xml version="1.0" encoding="UTF-8"?>
<!-- Generated by org.testng.reporters.JUnitXMLReporter -->
<testsuite ignored="0" hostname="RASH" failures="0" tests="9" name="MagicBox TestCases" time="35.4" errors="0" timestamp="2023-04-08T21:59:30 IST">
  <testcase classname="com.tutorialNinja.qa.testcases.RegistrationTest" name="verifyRegisteringAccountbyProvidingOnlyMandatoryfields" time="1.597"/>
  <testcase classname="com.tutorialNinja.qa.testcases.RegistrationTest" name="verifyRegisteringAccountWithAllfields" time="1.074"/>
  <testcase classname="com.tutorialNinja.qa.testcases.LoginTest" name="verifyLoginwithvalidCredentialfromExcel" time="0.897"/>
  <testcase classname="com.tutorialNinja.qa.testcases.LoginTest" name="verifyLoginwithvalidCredentialfromExcel" time="0.772"/>
  <testcase classname="com.tutorialNinja.qa.testcases.LoginTest" name="verifyLoginwithvalidCredential" time="0.831"/>
  <testcase classname="com.tutorialNinja.qa.testcases.LoginTest" name="verifyLoginWithInvalidCredential" time="0.716"/>
  <testcase classname="com.tutorialNinja.qa.testcases.SearchTest" name="searchProduct" time="0.485"/>
  <testcase classname="com.tutorialNinja.qa.testcases.SearchTest" name="searchInvalidProduct" time="0.352"/>
  <testcase classname="com.tutorialNinja.qa.testcases.SearchTest" name="searchWithoutProduct" time="0.386"/>
</testsuite> <!-- MagicBox TestCases -->
